[5:00:01 PM]Соединение с прокси установлено.
socketClosed
[6:00:00 PM]Бот с ником DobriMiliyFT пытается подключается к серверу...
[6:00:00 PM]Попытка подключения к прокси...
[6:00:00 PM]Бот с ником DobriMiliyFT успешно подключен к серверу
[6:00:01 PM]Соединение с прокси установлено.
socketClosed
[7:00:00 PM]Бот с ником DobriMiliyFT пытается подключается к серверу...
[7:00:00 PM]Попытка подключения к прокси...
[7:00:00 PM]Бот с ником DobriMiliyFT успешно подключен к серверу
[7:00:01 PM]Соединение с прокси установлено.
socketClosed
[8:00:00 PM]Бот с ником DobriMiliyFT пытается подключается к серверу...
[8:00:00 PM]Попытка подключения к прокси...
[8:00:00 PM]Бот с ником DobriMiliyFT успешно подключен к серверу
[8:00:01 PM]Соединение с прокси установлено.
socketClosed
[9:00:00 PM]Бот с ником DobriMiliyFT пытается подключается к серверу...
[9:00:00 PM]Попытка подключения к прокси...
[9:00:00 PM]Бот с ником DobriMiliyFT успешно подключен к серверу
[9:00:01 PM]Соединение с прокси установлено.
socketClosed
[10:00:00 PM]Бот с ником DobriMiliyFT пытается подключается к серверу...
[10:00:00 PM]Попытка подключения к прокси...
[10:00:00 PM]Бот с ником DobriMiliyFT успешно подключен к серверу
[10:00:01 PM]Соединение с прокси установлено.
socketClosed
[11:00:00 PM]Бот с ником DobriMiliyFT пытается подключается к серверу...
[11:00:00 PM]Попытка подключения к прокси...
[11:00:00 PM]Бот с ником DobriMiliyFT успешно подключен к серверу
[11:00:01 PM]Соединение с прокси установлено.
socketClosed
[12:00:00 AM]Бот с ником DobriMiliyFT пытается подключается к серверу...
[12:00:00 AM]Попытка подключения к прокси...
[12:00:00 AM]Бот с ником DobriMiliyFT успешно подключен к серверу
[12:00:01 AM]Соединение с прокси установлено.
socketClosed
[1:00:00 AM]Бот с ником DobriMiliyFT пытается подключается к серверу...
[1:00:00 AM]Попытка подключения к прокси...
[1:00:00 AM]Бот с ником DobriMiliyFT успешно подключен к серверу
[1:00:01 AM]Соединение с прокси установлено.
socketClosed
[2:00:00 AM]Бот с ником DobriMiliyFT пытается подключается к серверу...
[2:00:00 AM]Попытка подключения к прокси...
[2:00:00 AM]Бот с ником DobriMiliyFT успешно подключен к серверу
[2:00:01 AM]Соединение с прокси установлено.
socketClosed
[3:00:00 AM]Бот с ником DobriMiliyFT пытается подключается к серверу...
[3:00:00 AM]Попытка подключения к прокси...
[3:00:00 AM]Бот с ником DobriMiliyFT успешно подключен к серверу
[3:00:01 AM]Соединение с прокси установлено.
socketClosed
[4:00:00 AM]Бот с ником DobriMiliyFT пытается подключается к серверу...
[4:00:00 AM]Попытка подключения к прокси...
[4:00:00 AM]Бот с ником DobriMiliyFT успешно подключен к серверу
[4:00:01 AM]Соединение с прокси установлено.
socketClosed
[5:00:00 AM]Бот с ником DobriMiliyFT пытается подключается к серверу...
[5:00:00 AM]Попытка подключения к прокси...
[5:00:00 AM]Бот с ником DobriMiliyFT успешно подключен к серверу
[5:00:01 AM]Соединение с прокси установлено.
socketClosed
[6:00:00 AM]Бот с ником DobriMiliyFT пытается подключается к серверу...
[6:00:00 AM]Попытка подключения к прокси...
[6:00:00 AM]Бот с ником DobriMiliyFT успешно подключен к серверу
[6:00:01 AM]Соединение с прокси установлено.
socketClosed
[7:00:00 AM]Бот с ником DobriMiliyFT пытается подключается к серверу...
[7:00:00 AM]Попытка подключения к прокси...
[7:00:00 AM]Бот с ником DobriMiliyFT успешно подключен к серверу
[7:00:01 AM]Соединение с прокси установлено.ocketClosed
